<!DOCTYPE html PUBLIC "-//W3C//DTD XHTML 1.1//EN" "http://www.w3.org/TR/xhtml11/DTD/xhtml11.dtd">
<html xmlns="http://www.w3.org/1999/xhtml"><head><title>TestNG Report</title><style type="text/css">table {margin-bottom:10px;border-collapse:collapse;empty-cells:show}th,td {border:1px solid #009;padding:.25em .5em}th {vertical-align:bottom}td {vertical-align:top}table a {font-weight:bold}.stripe td {background-color: #E6EBF9}.num {text-align:right}.passedodd td {background-color: #3F3}.passedeven td {background-color: #0A0}.skippedodd td {background-color: #DDD}.skippedeven td {background-color: #CCC}.failedodd td,.attn {background-color: #F33}.failedeven td,.stripe .attn {background-color: #D00}.stacktrace {white-space:pre;font-family:monospace}.totop {font-size:85%;text-align:center;border-bottom:2px solid #000}</style></head><body><table><tr><th>Test</th><th># Passed</th><th># Skipped</th><th># Failed</th><th>Time (ms)</th><th>Included Groups</th><th>Excluded Groups</th></tr><tr><th colspan="7">Suite</th></tr><tr><td><a href="#t0">IE 10 Test</a></td><td class="num">0</td><td class="num attn">1</td><td class="num">0</td><td class="num">2,787</td><td></td><td></td></tr><tr class="stripe"><td><a href="#t1">IE 11 Test</a></td><td class="num">0</td><td class="num attn">1</td><td class="num">0</td><td class="num">1,234</td><td></td><td></td></tr><tr><td><a href="#t2">Firefox 43 Test</a></td><td class="num">0</td><td class="num attn">1</td><td class="num">0</td><td class="num">1,250</td><td></td><td></td></tr><tr class="stripe"><td><a href="#t3">Firefox 44 Test</a></td><td class="num">0</td><td class="num attn">1</td><td class="num">0</td><td class="num">1,634</td><td></td><td></td></tr><tr><td><a href="#t4">Chrome 47 Test</a></td><td class="num">0</td><td class="num attn">1</td><td class="num">0</td><td class="num">1,812</td><td></td><td></td></tr><tr class="stripe"><td><a href="#t5">Chrome 48 Test</a></td><td class="num">0</td><td class="num attn">1</td><td class="num">0</td><td class="num">1,321</td><td></td><td></td></tr><tr><td><a href="#t6">MS Edge Test</a></td><td class="num">0</td><td class="num attn">1</td><td class="num">0</td><td class="num">1,407</td><td></td><td></td></tr><tr class="stripe"><td><a href="#t7">Safari 9 Test</a></td><td class="num">0</td><td class="num attn">1</td><td class="num">0</td><td class="num">1,486</td><td></td><td></td></tr><tr><td><a href="#t8">Android 5.0 Test</a></td><td class="num">0</td><td class="num attn">1</td><td class="num">0</td><td class="num">1,182</td><td></td><td></td></tr><tr class="stripe"><td><a href="#t9">Android 4.4 Test</a></td><td class="num">0</td><td class="num attn">1</td><td class="num">0</td><td class="num">1,239</td><td></td><td></td></tr><tr><td><a href="#t10">Android 4.3 Test</a></td><td class="num">0</td><td class="num attn">1</td><td class="num">0</td><td class="num">1,201</td><td></td><td></td></tr><tr class="stripe"><td><a href="#t11">Android 4.2 Test</a></td><td class="num">0</td><td class="num attn">1</td><td class="num">0</td><td class="num">1,246</td><td></td><td></td></tr><tr><td><a href="#t12">Android 4.1 Test</a></td><td class="num">0</td><td class="num attn">1</td><td class="num">0</td><td class="num">1,277</td><td></td><td></td></tr><tr class="stripe"><td><a href="#t13">Android 4.0 Test</a></td><td class="num">0</td><td class="num attn">1</td><td class="num">0</td><td class="num">1,173</td><td></td><td></td></tr><tr><td><a href="#t14">iOS 8 Test</a></td><td class="num">0</td><td class="num attn">1</td><td class="num">0</td><td class="num">1,280</td><td></td><td></td></tr><tr class="stripe"><td><a href="#t15">iOS 9 Test</a></td><td class="num">0</td><td class="num attn">1</td><td class="num">0</td><td class="num">1,342</td><td></td><td></td></tr><tr><td><a href="#t16">iOS 7.0 Test</a></td><td class="num">0</td><td class="num attn">1</td><td class="num">0</td><td class="num">1,306</td><td></td><td></td></tr><tr><th>Total</th><th class="num">0</th><th class="num attn">17</th><th class="num">0</th><th class="num">24,177</th><th colspan="2"></th></tr></table><table><thead><tr><th>Class</th><th>Method</th><th>Start</th><th>Time (ms)</th></tr></thead><tbody><tr><th colspan="4">Suite</th></tr></tbody><tbody id="t0"><tr><th colspan="4">IE 10 Test &#8212; failed (configuration methods)</th></tr><tr class="failedeven"><td rowspan="1">tests.Checks</td><td><a href="#m0">setUp</a></td><td rowspan="1">1459535511750</td><td rowspan="1">0</td></tr><tr><th colspan="4">IE 10 Test &#8212; skipped</th></tr><tr class="skippedeven"><td rowspan="1">tests.Checks</td><td><a href="#m1">main</a></td><td rowspan="1">1459535514523</td><td rowspan="1">1</td></tr></tbody><tbody id="t1"><tr><th colspan="4">IE 11 Test &#8212; failed (configuration methods)</th></tr><tr class="failedeven"><td rowspan="1">tests.Checks</td><td><a href="#m2">setUp</a></td><td rowspan="1">1459535514593</td><td rowspan="1">0</td></tr><tr><th colspan="4">IE 11 Test &#8212; skipped</th></tr><tr class="skippedeven"><td rowspan="1">tests.Checks</td><td><a href="#m3">main</a></td><td rowspan="1">1459535515825</td><td rowspan="1">1</td></tr></tbody><tbody id="t2"><tr><th colspan="4">Firefox 43 Test &#8212; failed (configuration methods)</th></tr><tr class="failedeven"><td rowspan="1">tests.Checks</td><td><a href="#m4">setUp</a></td><td rowspan="1">1459535515909</td><td rowspan="1">0</td></tr><tr><th colspan="4">Firefox 43 Test &#8212; skipped</th></tr><tr class="skippedeven"><td rowspan="1">tests.Checks</td><td><a href="#m5">main</a></td><td rowspan="1">1459535517154</td><td rowspan="1">2</td></tr></tbody><tbody id="t3"><tr><th colspan="4">Firefox 44 Test &#8212; failed (configuration methods)</th></tr><tr class="failedeven"><td rowspan="1">tests.Checks</td><td><a href="#m6">setUp</a></td><td rowspan="1">1459535517207</td><td rowspan="1">0</td></tr><tr><th colspan="4">Firefox 44 Test &#8212; skipped</th></tr><tr class="skippedeven"><td rowspan="1">tests.Checks</td><td><a href="#m7">main</a></td><td rowspan="1">1459535518839</td><td rowspan="1">1</td></tr></tbody><tbody id="t4"><tr><th colspan="4">Chrome 47 Test &#8212; failed (configuration methods)</th></tr><tr class="failedeven"><td rowspan="1">tests.Checks</td><td><a href="#m8">setUp</a></td><td rowspan="1">1459535518892</td><td rowspan="1">0</td></tr><tr><th colspan="4">Chrome 47 Test &#8212; skipped</th></tr><tr class="skippedeven"><td rowspan="1">tests.Checks</td><td><a href="#m9">main</a></td><td rowspan="1">1459535520702</td><td rowspan="1">0</td></tr></tbody><tbody id="t5"><tr><th colspan="4">Chrome 48 Test &#8212; failed (configuration methods)</th></tr><tr class="failedeven"><td rowspan="1">tests.Checks</td><td><a href="#m10">setUp</a></td><td rowspan="1">1459535520752</td><td rowspan="1">0</td></tr><tr><th colspan="4">Chrome 48 Test &#8212; skipped</th></tr><tr class="skippedeven"><td rowspan="1">tests.Checks</td><td><a href="#m11">main</a></td><td rowspan="1">1459535522069</td><td rowspan="1">1</td></tr></tbody><tbody id="t6"><tr><th colspan="4">MS Edge Test &#8212; failed (configuration methods)</th></tr><tr class="failedeven"><td rowspan="1">tests.Checks</td><td><a href="#m12">setUp</a></td><td rowspan="1">1459535522126</td><td rowspan="1">0</td></tr><tr><th colspan="4">MS Edge Test &#8212; skipped</th></tr><tr class="skippedeven"><td rowspan="1">tests.Checks</td><td><a href="#m13">main</a></td><td rowspan="1">1459535523529</td><td rowspan="1">1</td></tr></tbody><tbody id="t7"><tr><th colspan="4">Safari 9 Test &#8212; failed (configuration methods)</th></tr><tr class="failedeven"><td rowspan="1">tests.Checks</td><td><a href="#m14">setUp</a></td><td rowspan="1">1459535523572</td><td rowspan="1">0</td></tr><tr><th colspan="4">Safari 9 Test &#8212; skipped</th></tr><tr class="skippedeven"><td rowspan="1">tests.Checks</td><td><a href="#m15">main</a></td><td rowspan="1">1459535525056</td><td rowspan="1">1</td></tr></tbody><tbody id="t8"><tr><th colspan="4">Android 5.0 Test &#8212; failed (configuration methods)</th></tr><tr class="failedeven"><td rowspan="1">tests.Checks</td><td><a href="#m16">setUp</a></td><td rowspan="1">1459535525098</td><td rowspan="1">0</td></tr><tr><th colspan="4">Android 5.0 Test &#8212; skipped</th></tr><tr class="skippedeven"><td rowspan="1">tests.Checks</td><td><a href="#m17">main</a></td><td rowspan="1">1459535526277</td><td rowspan="1">1</td></tr></tbody><tbody id="t9"><tr><th colspan="4">Android 4.4 Test &#8212; failed (configuration methods)</th></tr><tr class="failedeven"><td rowspan="1">tests.Checks</td><td><a href="#m18">setUp</a></td><td rowspan="1">1459535526330</td><td rowspan="1">0</td></tr><tr><th colspan="4">Android 4.4 Test &#8212; skipped</th></tr><tr class="skippedeven"><td rowspan="1">tests.Checks</td><td><a href="#m19">main</a></td><td rowspan="1">1459535527566</td><td rowspan="1">0</td></tr></tbody><tbody id="t10"><tr><th colspan="4">Android 4.3 Test &#8212; failed (configuration methods)</th></tr><tr class="failedeven"><td rowspan="1">tests.Checks</td><td><a href="#m20">setUp</a></td><td rowspan="1">1459535527615</td><td rowspan="1">0</td></tr><tr><th colspan="4">Android 4.3 Test &#8212; skipped</th></tr><tr class="skippedeven"><td rowspan="1">tests.Checks</td><td><a href="#m21">main</a></td><td rowspan="1">1459535528815</td><td rowspan="1">0</td></tr></tbody><tbody id="t11"><tr><th colspan="4">Android 4.2 Test &#8212; failed (configuration methods)</th></tr><tr class="failedeven"><td rowspan="1">tests.Checks</td><td><a href="#m22">setUp</a></td><td rowspan="1">1459535528851</td><td rowspan="1">0</td></tr><tr><th colspan="4">Android 4.2 Test &#8212; skipped</th></tr><tr class="skippedeven"><td rowspan="1">tests.Checks</td><td><a href="#m23">main</a></td><td rowspan="1">1459535530096</td><td rowspan="1">0</td></tr></tbody><tbody id="t12"><tr><th colspan="4">Android 4.1 Test &#8212; failed (configuration methods)</th></tr><tr class="failedeven"><td rowspan="1">tests.Checks</td><td><a href="#m24">setUp</a></td><td rowspan="1">1459535530137</td><td rowspan="1">0</td></tr><tr><th colspan="4">Android 4.1 Test &#8212; skipped</th></tr><tr class="skippedeven"><td rowspan="1">tests.Checks</td><td><a href="#m25">main</a></td><td rowspan="1">1459535531411</td><td rowspan="1">1</td></tr></tbody><tbody id="t13"><tr><th colspan="4">Android 4.0 Test &#8212; failed (configuration methods)</th></tr><tr class="failedeven"><td rowspan="1">tests.Checks</td><td><a href="#m26">setUp</a></td><td rowspan="1">1459535531458</td><td rowspan="1">0</td></tr><tr><th colspan="4">Android 4.0 Test &#8212; skipped</th></tr><tr class="skippedeven"><td rowspan="1">tests.Checks</td><td><a href="#m27">main</a></td><td rowspan="1">1459535532628</td><td rowspan="1">1</td></tr></tbody><tbody id="t14"><tr><th colspan="4">iOS 8 Test &#8212; failed (configuration methods)</th></tr><tr class="failedeven"><td rowspan="1">tests.Checks</td><td><a href="#m28">setUp</a></td><td rowspan="1">1459535532676</td><td rowspan="1">0</td></tr><tr><th colspan="4">iOS 8 Test &#8212; skipped</th></tr><tr class="skippedeven"><td rowspan="1">tests.Checks</td><td><a href="#m29">main</a></td><td rowspan="1">1459535533953</td><td rowspan="1">1</td></tr></tbody><tbody id="t15"><tr><th colspan="4">iOS 9 Test &#8212; failed (configuration methods)</th></tr><tr class="failedeven"><td rowspan="1">tests.Checks</td><td><a href="#m30">setUp</a></td><td rowspan="1">1459535533998</td><td rowspan="1">0</td></tr><tr><th colspan="4">iOS 9 Test &#8212; skipped</th></tr><tr class="skippedeven"><td rowspan="1">tests.Checks</td><td><a href="#m31">main</a></td><td rowspan="1">1459535535338</td><td rowspan="1">0</td></tr></tbody><tbody id="t16"><tr><th colspan="4">iOS 7.0 Test &#8212; failed (configuration methods)</th></tr><tr class="failedeven"><td rowspan="1">tests.Checks</td><td><a href="#m32">setUp</a></td><td rowspan="1">1459535535428</td><td rowspan="1">0</td></tr><tr><th colspan="4">iOS 7.0 Test &#8212; skipped</th></tr><tr class="skippedeven"><td rowspan="1">tests.Checks</td><td><a href="#m33">main</a></td><td rowspan="1">1459535536731</td><td rowspan="1">1</td></tr></tbody></table><h2>IE 10 Test</h2><h3 id="m0">tests.Checks#setUp</h3><table class="result"><tr class="param"><th>Parameter #1</th><th>Parameter #2</th><th>Parameter #3</th><th>Parameter #4</th></tr><tr class="param stripe"><td>IE</td><td>10.0</td><td>WINDOWS</td><td>default</td></tr><tr><th colspan="4">Exception</th></tr><tr><td colspan="4"><div class="stacktrace">org.openqa.selenium.WebDriverException: Automate testing time expired. (WARNING: The server did not provide any stacktrace information)
Command duration or timeout: 2.14 seconds
Build info: version: &apos;2.45.0&apos;, revision: &apos;5017cb8e7ca8e37638dc3091b2440b90a1d8686f&apos;, time: &apos;2015-02-27 09:10:26&apos;
System info: host: &apos;Julieta-PC&apos;, ip: &apos;10.30.10.117&apos;, os.name: &apos;Windows 8.1&apos;, os.arch: &apos;amd64&apos;, os.version: &apos;6.3&apos;, java.version: &apos;1.7.0_71&apos;
Driver info: org.openqa.selenium.remote.RemoteWebDriver
	at org.openqa.selenium.remote.ErrorHandler.createThrowable(ErrorHandler.java:204)
	at org.openqa.selenium.remote.ErrorHandler.throwIfResponseFailed(ErrorHandler.java:156)
	at org.openqa.selenium.remote.RemoteWebDriver.execute(RemoteWebDriver.java:599)
	at org.openqa.selenium.remote.RemoteWebDriver.startSession(RemoteWebDriver.java:240)
	at org.openqa.selenium.remote.RemoteWebDriver.&lt;init&gt;(RemoteWebDriver.java:126)
	at org.openqa.selenium.remote.RemoteWebDriver.&lt;init&gt;(RemoteWebDriver.java:153)
	at tests.Checks.setUp(Checks.java:36)
... Removed 28 stack frames</div></td></tr></table><p class="totop"><a href="#summary">back to summary</a></p><h3 id="m1">tests.Checks#main</h3><table class="result"></table><p class="totop"><a href="#summary">back to summary</a></p><h2>IE 11 Test</h2><h3 id="m2">tests.Checks#setUp</h3><table class="result"><tr class="param"><th>Parameter #1</th><th>Parameter #2</th><th>Parameter #3</th><th>Parameter #4</th></tr><tr class="param stripe"><td>IE</td><td>11.0</td><td>WINDOWS</td><td>default</td></tr><tr><th colspan="4">Exception</th></tr><tr><td colspan="4"><div class="stacktrace">org.openqa.selenium.WebDriverException: Automate testing time expired. (WARNING: The server did not provide any stacktrace information)
Command duration or timeout: 1.21 seconds
Build info: version: &apos;2.45.0&apos;, revision: &apos;5017cb8e7ca8e37638dc3091b2440b90a1d8686f&apos;, time: &apos;2015-02-27 09:10:26&apos;
System info: host: &apos;Julieta-PC&apos;, ip: &apos;10.30.10.117&apos;, os.name: &apos;Windows 8.1&apos;, os.arch: &apos;amd64&apos;, os.version: &apos;6.3&apos;, java.version: &apos;1.7.0_71&apos;
Driver info: org.openqa.selenium.remote.RemoteWebDriver
	at org.openqa.selenium.remote.ErrorHandler.createThrowable(ErrorHandler.java:204)
	at org.openqa.selenium.remote.ErrorHandler.throwIfResponseFailed(ErrorHandler.java:156)
	at org.openqa.selenium.remote.RemoteWebDriver.execute(RemoteWebDriver.java:599)
	at org.openqa.selenium.remote.RemoteWebDriver.startSession(RemoteWebDriver.java:240)
	at org.openqa.selenium.remote.RemoteWebDriver.&lt;init&gt;(RemoteWebDriver.java:126)
	at org.openqa.selenium.remote.RemoteWebDriver.&lt;init&gt;(RemoteWebDriver.java:153)
	at tests.Checks.setUp(Checks.java:36)
... Removed 28 stack frames</div></td></tr></table><p class="totop"><a href="#summary">back to summary</a></p><h3 id="m3">tests.Checks#main</h3><table class="result"></table><p class="totop"><a href="#summary">back to summary</a></p><h2>Firefox 43 Test</h2><h3 id="m4">tests.Checks#setUp</h3><table class="result"><tr class="param"><th>Parameter #1</th><th>Parameter #2</th><th>Parameter #3</th><th>Parameter #4</th></tr><tr class="param stripe"><td>Firefox</td><td>43.0</td><td>WINDOWS</td><td>default</td></tr><tr><th colspan="4">Exception</th></tr><tr><td colspan="4"><div class="stacktrace">org.openqa.selenium.WebDriverException: Automate testing time expired. (WARNING: The server did not provide any stacktrace information)
Command duration or timeout: 1.22 seconds
Build info: version: &apos;2.45.0&apos;, revision: &apos;5017cb8e7ca8e37638dc3091b2440b90a1d8686f&apos;, time: &apos;2015-02-27 09:10:26&apos;
System info: host: &apos;Julieta-PC&apos;, ip: &apos;10.30.10.117&apos;, os.name: &apos;Windows 8.1&apos;, os.arch: &apos;amd64&apos;, os.version: &apos;6.3&apos;, java.version: &apos;1.7.0_71&apos;
Driver info: org.openqa.selenium.remote.RemoteWebDriver
	at org.openqa.selenium.remote.ErrorHandler.createThrowable(ErrorHandler.java:204)
	at org.openqa.selenium.remote.ErrorHandler.throwIfResponseFailed(ErrorHandler.java:156)
	at org.openqa.selenium.remote.RemoteWebDriver.execute(RemoteWebDriver.java:599)
	at org.openqa.selenium.remote.RemoteWebDriver.startSession(RemoteWebDriver.java:240)
	at org.openqa.selenium.remote.RemoteWebDriver.&lt;init&gt;(RemoteWebDriver.java:126)
	at org.openqa.selenium.remote.RemoteWebDriver.&lt;init&gt;(RemoteWebDriver.java:153)
	at tests.Checks.setUp(Checks.java:36)
... Removed 28 stack frames</div></td></tr></table><p class="totop"><a href="#summary">back to summary</a></p><h3 id="m5">tests.Checks#main</h3><table class="result"></table><p class="totop"><a href="#summary">back to summary</a></p><h2>Firefox 44 Test</h2><h3 id="m6">tests.Checks#setUp</h3><table class="result"><tr class="param"><th>Parameter #1</th><th>Parameter #2</th><th>Parameter #3</th><th>Parameter #4</th></tr><tr class="param stripe"><td>Firefox</td><td>44.0</td><td>WINDOWS</td><td>default</td></tr><tr><th colspan="4">Exception</th></tr><tr><td colspan="4"><div class="stacktrace">org.openqa.selenium.WebDriverException: Automate testing time expired. (WARNING: The server did not provide any stacktrace information)
Command duration or timeout: 1.61 seconds
Build info: version: &apos;2.45.0&apos;, revision: &apos;5017cb8e7ca8e37638dc3091b2440b90a1d8686f&apos;, time: &apos;2015-02-27 09:10:26&apos;
System info: host: &apos;Julieta-PC&apos;, ip: &apos;10.30.10.117&apos;, os.name: &apos;Windows 8.1&apos;, os.arch: &apos;amd64&apos;, os.version: &apos;6.3&apos;, java.version: &apos;1.7.0_71&apos;
Driver info: org.openqa.selenium.remote.RemoteWebDriver
	at org.openqa.selenium.remote.ErrorHandler.createThrowable(ErrorHandler.java:204)
	at org.openqa.selenium.remote.ErrorHandler.throwIfResponseFailed(ErrorHandler.java:156)
	at org.openqa.selenium.remote.RemoteWebDriver.execute(RemoteWebDriver.java:599)
	at org.openqa.selenium.remote.RemoteWebDriver.startSession(RemoteWebDriver.java:240)
	at org.openqa.selenium.remote.RemoteWebDriver.&lt;init&gt;(RemoteWebDriver.java:126)
	at org.openqa.selenium.remote.RemoteWebDriver.&lt;init&gt;(RemoteWebDriver.java:153)
	at tests.Checks.setUp(Checks.java:36)
... Removed 28 stack frames</div></td></tr></table><p class="totop"><a href="#summary">back to summary</a></p><h3 id="m7">tests.Checks#main</h3><table class="result"></table><p class="totop"><a href="#summary">back to summary</a></p><h2>Chrome 47 Test</h2><h3 id="m8">tests.Checks#setUp</h3><table class="result"><tr class="param"><th>Parameter #1</th><th>Parameter #2</th><th>Parameter #3</th><th>Parameter #4</th></tr><tr class="param stripe"><td>Chrome</td><td>47.0</td><td>WINDOWS</td><td>default</td></tr><tr><th colspan="4">Exception</th></tr><tr><td colspan="4"><div class="stacktrace">org.openqa.selenium.WebDriverException: Automate testing time expired. (WARNING: The server did not provide any stacktrace information)
Command duration or timeout: 1.79 seconds
Build info: version: &apos;2.45.0&apos;, revision: &apos;5017cb8e7ca8e37638dc3091b2440b90a1d8686f&apos;, time: &apos;2015-02-27 09:10:26&apos;
System info: host: &apos;Julieta-PC&apos;, ip: &apos;10.30.10.117&apos;, os.name: &apos;Windows 8.1&apos;, os.arch: &apos;amd64&apos;, os.version: &apos;6.3&apos;, java.version: &apos;1.7.0_71&apos;
Driver info: org.openqa.selenium.remote.RemoteWebDriver
	at org.openqa.selenium.remote.ErrorHandler.createThrowable(ErrorHandler.java:204)
	at org.openqa.selenium.remote.ErrorHandler.throwIfResponseFailed(ErrorHandler.java:156)
	at org.openqa.selenium.remote.RemoteWebDriver.execute(RemoteWebDriver.java:599)
	at org.openqa.selenium.remote.RemoteWebDriver.startSession(RemoteWebDriver.java:240)
	at org.openqa.selenium.remote.RemoteWebDriver.&lt;init&gt;(RemoteWebDriver.java:126)
	at org.openqa.selenium.remote.RemoteWebDriver.&lt;init&gt;(RemoteWebDriver.java:153)
	at tests.Checks.setUp(Checks.java:36)
... Removed 28 stack frames</div></td></tr></table><p class="totop"><a href="#summary">back to summary</a></p><h3 id="m9">tests.Checks#main</h3><table class="result"></table><p class="totop"><a href="#summary">back to summary</a></p><h2>Chrome 48 Test</h2><h3 id="m10">tests.Checks#setUp</h3><table class="result"><tr class="param"><th>Parameter #1</th><th>Parameter #2</th><th>Parameter #3</th><th>Parameter #4</th></tr><tr class="param stripe"><td>Chrome</td><td>48.0</td><td>WINDOWS</td><td>default</td></tr><tr><th colspan="4">Exception</th></tr><tr><td colspan="4"><div class="stacktrace">org.openqa.selenium.WebDriverException: Automate testing time expired. (WARNING: The server did not provide any stacktrace information)
Command duration or timeout: 1.29 seconds
Build info: version: &apos;2.45.0&apos;, revision: &apos;5017cb8e7ca8e37638dc3091b2440b90a1d8686f&apos;, time: &apos;2015-02-27 09:10:26&apos;
System info: host: &apos;Julieta-PC&apos;, ip: &apos;10.30.10.117&apos;, os.name: &apos;Windows 8.1&apos;, os.arch: &apos;amd64&apos;, os.version: &apos;6.3&apos;, java.version: &apos;1.7.0_71&apos;
Driver info: org.openqa.selenium.remote.RemoteWebDriver
	at org.openqa.selenium.remote.ErrorHandler.createThrowable(ErrorHandler.java:204)
	at org.openqa.selenium.remote.ErrorHandler.throwIfResponseFailed(ErrorHandler.java:156)
	at org.openqa.selenium.remote.RemoteWebDriver.execute(RemoteWebDriver.java:599)
	at org.openqa.selenium.remote.RemoteWebDriver.startSession(RemoteWebDriver.java:240)
	at org.openqa.selenium.remote.RemoteWebDriver.&lt;init&gt;(RemoteWebDriver.java:126)
	at org.openqa.selenium.remote.RemoteWebDriver.&lt;init&gt;(RemoteWebDriver.java:153)
	at tests.Checks.setUp(Checks.java:36)
... Removed 28 stack frames</div></td></tr></table><p class="totop"><a href="#summary">back to summary</a></p><h3 id="m11">tests.Checks#main</h3><table class="result"></table><p class="totop"><a href="#summary">back to summary</a></p><h2>MS Edge Test</h2><h3 id="m12">tests.Checks#setUp</h3><table class="result"><tr class="param"><th>Parameter #1</th><th>Parameter #2</th><th>Parameter #3</th><th>Parameter #4</th></tr><tr class="param stripe"><td>Edge</td><td>13.0</td><td>WINDOWS</td><td>default</td></tr><tr><th colspan="4">Exception</th></tr><tr><td colspan="4"><div class="stacktrace">org.openqa.selenium.WebDriverException: Automate testing time expired. (WARNING: The server did not provide any stacktrace information)
Command duration or timeout: 1.38 seconds
Build info: version: &apos;2.45.0&apos;, revision: &apos;5017cb8e7ca8e37638dc3091b2440b90a1d8686f&apos;, time: &apos;2015-02-27 09:10:26&apos;
System info: host: &apos;Julieta-PC&apos;, ip: &apos;10.30.10.117&apos;, os.name: &apos;Windows 8.1&apos;, os.arch: &apos;amd64&apos;, os.version: &apos;6.3&apos;, java.version: &apos;1.7.0_71&apos;
Driver info: org.openqa.selenium.remote.RemoteWebDriver
	at org.openqa.selenium.remote.ErrorHandler.createThrowable(ErrorHandler.java:204)
	at org.openqa.selenium.remote.ErrorHandler.throwIfResponseFailed(ErrorHandler.java:156)
	at org.openqa.selenium.remote.RemoteWebDriver.execute(RemoteWebDriver.java:599)
	at org.openqa.selenium.remote.RemoteWebDriver.startSession(RemoteWebDriver.java:240)
	at org.openqa.selenium.remote.RemoteWebDriver.&lt;init&gt;(RemoteWebDriver.java:126)
	at org.openqa.selenium.remote.RemoteWebDriver.&lt;init&gt;(RemoteWebDriver.java:153)
	at tests.Checks.setUp(Checks.java:36)
... Removed 28 stack frames</div></td></tr></table><p class="totop"><a href="#summary">back to summary</a></p><h3 id="m13">tests.Checks#main</h3><table class="result"></table><p class="totop"><a href="#summary">back to summary</a></p><h2>Safari 9 Test</h2><h3 id="m14">tests.Checks#setUp</h3><table class="result"><tr class="param"><th>Parameter #1</th><th>Parameter #2</th><th>Parameter #3</th><th>Parameter #4</th></tr><tr class="param stripe"><td>Safari</td><td>9.0</td><td>MAC</td><td>default</td></tr><tr><th colspan="4">Exception</th></tr><tr><td colspan="4"><div class="stacktrace">org.openqa.selenium.WebDriverException: Automate testing time expired. (WARNING: The server did not provide any stacktrace information)
Command duration or timeout: 1.46 seconds
Build info: version: &apos;2.45.0&apos;, revision: &apos;5017cb8e7ca8e37638dc3091b2440b90a1d8686f&apos;, time: &apos;2015-02-27 09:10:26&apos;
System info: host: &apos;Julieta-PC&apos;, ip: &apos;10.30.10.117&apos;, os.name: &apos;Windows 8.1&apos;, os.arch: &apos;amd64&apos;, os.version: &apos;6.3&apos;, java.version: &apos;1.7.0_71&apos;
Driver info: org.openqa.selenium.remote.RemoteWebDriver
	at org.openqa.selenium.remote.ErrorHandler.createThrowable(ErrorHandler.java:204)
	at org.openqa.selenium.remote.ErrorHandler.throwIfResponseFailed(ErrorHandler.java:156)
	at org.openqa.selenium.remote.RemoteWebDriver.execute(RemoteWebDriver.java:599)
	at org.openqa.selenium.remote.RemoteWebDriver.startSession(RemoteWebDriver.java:240)
	at org.openqa.selenium.remote.RemoteWebDriver.&lt;init&gt;(RemoteWebDriver.java:126)
	at org.openqa.selenium.remote.RemoteWebDriver.&lt;init&gt;(RemoteWebDriver.java:153)
	at tests.Checks.setUp(Checks.java:36)
... Removed 28 stack frames</div></td></tr></table><p class="totop"><a href="#summary">back to summary</a></p><h3 id="m15">tests.Checks#main</h3><table class="result"></table><p class="totop"><a href="#summary">back to summary</a></p><h2>Android 5.0 Test</h2><h3 id="m16">tests.Checks#setUp</h3><table class="result"><tr class="param"><th>Parameter #1</th><th>Parameter #2</th><th>Parameter #3</th><th>Parameter #4</th></tr><tr class="param stripe"><td>android</td><td>default</td><td>ANDROID</td><td>Google Nexus 5</td></tr><tr><th colspan="4">Exception</th></tr><tr><td colspan="4"><div class="stacktrace">org.openqa.selenium.WebDriverException: Automate testing time expired. (WARNING: The server did not provide any stacktrace information)
Command duration or timeout: 1.16 seconds
Build info: version: &apos;2.45.0&apos;, revision: &apos;5017cb8e7ca8e37638dc3091b2440b90a1d8686f&apos;, time: &apos;2015-02-27 09:10:26&apos;
System info: host: &apos;Julieta-PC&apos;, ip: &apos;10.30.10.117&apos;, os.name: &apos;Windows 8.1&apos;, os.arch: &apos;amd64&apos;, os.version: &apos;6.3&apos;, java.version: &apos;1.7.0_71&apos;
Driver info: org.openqa.selenium.remote.RemoteWebDriver
	at org.openqa.selenium.remote.ErrorHandler.createThrowable(ErrorHandler.java:204)
	at org.openqa.selenium.remote.ErrorHandler.throwIfResponseFailed(ErrorHandler.java:156)
	at org.openqa.selenium.remote.RemoteWebDriver.execute(RemoteWebDriver.java:599)
	at org.openqa.selenium.remote.RemoteWebDriver.startSession(RemoteWebDriver.java:240)
	at org.openqa.selenium.remote.RemoteWebDriver.&lt;init&gt;(RemoteWebDriver.java:126)
	at org.openqa.selenium.remote.RemoteWebDriver.&lt;init&gt;(RemoteWebDriver.java:153)
	at tests.Checks.setUp(Checks.java:36)
... Removed 28 stack frames</div></td></tr></table><p class="totop"><a href="#summary">back to summary</a></p><h3 id="m17">tests.Checks#main</h3><table class="result"></table><p class="totop"><a href="#summary">back to summary</a></p><h2>Android 4.4 Test</h2><h3 id="m18">tests.Checks#setUp</h3><table class="result"><tr class="param"><th>Parameter #1</th><th>Parameter #2</th><th>Parameter #3</th><th>Parameter #4</th></tr><tr class="param stripe"><td>android</td><td>default</td><td>ANDROID</td><td>Samsung Galaxy S5</td></tr><tr><th colspan="4">Exception</th></tr><tr><td colspan="4"><div class="stacktrace">org.openqa.selenium.WebDriverException: Automate testing time expired. (WARNING: The server did not provide any stacktrace information)
Command duration or timeout: 1.21 seconds
Build info: version: &apos;2.45.0&apos;, revision: &apos;5017cb8e7ca8e37638dc3091b2440b90a1d8686f&apos;, time: &apos;2015-02-27 09:10:26&apos;
System info: host: &apos;Julieta-PC&apos;, ip: &apos;10.30.10.117&apos;, os.name: &apos;Windows 8.1&apos;, os.arch: &apos;amd64&apos;, os.version: &apos;6.3&apos;, java.version: &apos;1.7.0_71&apos;
Driver info: org.openqa.selenium.remote.RemoteWebDriver
	at org.openqa.selenium.remote.ErrorHandler.createThrowable(ErrorHandler.java:204)
	at org.openqa.selenium.remote.ErrorHandler.throwIfResponseFailed(ErrorHandler.java:156)
	at org.openqa.selenium.remote.RemoteWebDriver.execute(RemoteWebDriver.java:599)
	at org.openqa.selenium.remote.RemoteWebDriver.startSession(RemoteWebDriver.java:240)
	at org.openqa.selenium.remote.RemoteWebDriver.&lt;init&gt;(RemoteWebDriver.java:126)
	at org.openqa.selenium.remote.RemoteWebDriver.&lt;init&gt;(RemoteWebDriver.java:153)
	at tests.Checks.setUp(Checks.java:36)
... Removed 28 stack frames</div></td></tr></table><p class="totop"><a href="#summary">back to summary</a></p><h3 id="m19">tests.Checks#main</h3><table class="result"></table><p class="totop"><a href="#summary">back to summary</a></p><h2>Android 4.3 Test</h2><h3 id="m20">tests.Checks#setUp</h3><table class="result"><tr class="param"><th>Parameter #1</th><th>Parameter #2</th><th>Parameter #3</th><th>Parameter #4</th></tr><tr class="param stripe"><td>android</td><td>default</td><td>ANDROID</td><td>Samsung Galaxy S4</td></tr><tr><th colspan="4">Exception</th></tr><tr><td colspan="4"><div class="stacktrace">org.openqa.selenium.WebDriverException: Automate testing time expired. (WARNING: The server did not provide any stacktrace information)
Command duration or timeout: 1.18 seconds
Build info: version: &apos;2.45.0&apos;, revision: &apos;5017cb8e7ca8e37638dc3091b2440b90a1d8686f&apos;, time: &apos;2015-02-27 09:10:26&apos;
System info: host: &apos;Julieta-PC&apos;, ip: &apos;10.30.10.117&apos;, os.name: &apos;Windows 8.1&apos;, os.arch: &apos;amd64&apos;, os.version: &apos;6.3&apos;, java.version: &apos;1.7.0_71&apos;
Driver info: org.openqa.selenium.remote.RemoteWebDriver
	at org.openqa.selenium.remote.ErrorHandler.createThrowable(ErrorHandler.java:204)
	at org.openqa.selenium.remote.ErrorHandler.throwIfResponseFailed(ErrorHandler.java:156)
	at org.openqa.selenium.remote.RemoteWebDriver.execute(RemoteWebDriver.java:599)
	at org.openqa.selenium.remote.RemoteWebDriver.startSession(RemoteWebDriver.java:240)
	at org.openqa.selenium.remote.RemoteWebDriver.&lt;init&gt;(RemoteWebDriver.java:126)
	at org.openqa.selenium.remote.RemoteWebDriver.&lt;init&gt;(RemoteWebDriver.java:153)
	at tests.Checks.setUp(Checks.java:36)
... Removed 28 stack frames</div></td></tr></table><p class="totop"><a href="#summary">back to summary</a></p><h3 id="m21">tests.Checks#main</h3><table class="result"></table><p class="totop"><a href="#summary">back to summary</a></p><h2>Android 4.2 Test</h2><h3 id="m22">tests.Checks#setUp</h3><table class="result"><tr class="param"><th>Parameter #1</th><th>Parameter #2</th><th>Parameter #3</th><th>Parameter #4</th></tr><tr class="param stripe"><td>android</td><td>default</td><td>ANDROID</td><td>Google Nexus 4</td></tr><tr><th colspan="4">Exception</th></tr><tr><td colspan="4"><div class="stacktrace">org.openqa.selenium.WebDriverException: Automate testing time expired. (WARNING: The server did not provide any stacktrace information)
Command duration or timeout: 1.22 seconds
Build info: version: &apos;2.45.0&apos;, revision: &apos;5017cb8e7ca8e37638dc3091b2440b90a1d8686f&apos;, time: &apos;2015-02-27 09:10:26&apos;
System info: host: &apos;Julieta-PC&apos;, ip: &apos;10.30.10.117&apos;, os.name: &apos;Windows 8.1&apos;, os.arch: &apos;amd64&apos;, os.version: &apos;6.3&apos;, java.version: &apos;1.7.0_71&apos;
Driver info: org.openqa.selenium.remote.RemoteWebDriver
	at org.openqa.selenium.remote.ErrorHandler.createThrowable(ErrorHandler.java:204)
	at org.openqa.selenium.remote.ErrorHandler.throwIfResponseFailed(ErrorHandler.java:156)
	at org.openqa.selenium.remote.RemoteWebDriver.execute(RemoteWebDriver.java:599)
	at org.openqa.selenium.remote.RemoteWebDriver.startSession(RemoteWebDriver.java:240)
	at org.openqa.selenium.remote.RemoteWebDriver.&lt;init&gt;(RemoteWebDriver.java:126)
	at org.openqa.selenium.remote.RemoteWebDriver.&lt;init&gt;(RemoteWebDriver.java:153)
	at tests.Checks.setUp(Checks.java:36)
... Removed 28 stack frames</div></td></tr></table><p class="totop"><a href="#summary">back to summary</a></p><h3 id="m23">tests.Checks#main</h3><table class="result"></table><p class="totop"><a href="#summary">back to summary</a></p><h2>Android 4.1 Test</h2><h3 id="m24">tests.Checks#setUp</h3><table class="result"><tr class="param"><th>Parameter #1</th><th>Parameter #2</th><th>Parameter #3</th><th>Parameter #4</th></tr><tr class="param stripe"><td>android</td><td>default</td><td>ANDROID</td><td>Samsung Galaxy S3</td></tr><tr><th colspan="4">Exception</th></tr><tr><td colspan="4"><div class="stacktrace">org.openqa.selenium.WebDriverException: Automate testing time expired. (WARNING: The server did not provide any stacktrace information)
Command duration or timeout: 1.25 seconds
Build info: version: &apos;2.45.0&apos;, revision: &apos;5017cb8e7ca8e37638dc3091b2440b90a1d8686f&apos;, time: &apos;2015-02-27 09:10:26&apos;
System info: host: &apos;Julieta-PC&apos;, ip: &apos;10.30.10.117&apos;, os.name: &apos;Windows 8.1&apos;, os.arch: &apos;amd64&apos;, os.version: &apos;6.3&apos;, java.version: &apos;1.7.0_71&apos;
Driver info: org.openqa.selenium.remote.RemoteWebDriver
	at org.openqa.selenium.remote.ErrorHandler.createThrowable(ErrorHandler.java:204)
	at org.openqa.selenium.remote.ErrorHandler.throwIfResponseFailed(ErrorHandler.java:156)
	at org.openqa.selenium.remote.RemoteWebDriver.execute(RemoteWebDriver.java:599)
	at org.openqa.selenium.remote.RemoteWebDriver.startSession(RemoteWebDriver.java:240)
	at org.openqa.selenium.remote.RemoteWebDriver.&lt;init&gt;(RemoteWebDriver.java:126)
	at org.openqa.selenium.remote.RemoteWebDriver.&lt;init&gt;(RemoteWebDriver.java:153)
	at tests.Checks.setUp(Checks.java:36)
... Removed 28 stack frames</div></td></tr></table><p class="totop"><a href="#summary">back to summary</a></p><h3 id="m25">tests.Checks#main</h3><table class="result"></table><p class="totop"><a href="#summary">back to summary</a></p><h2>Android 4.0 Test</h2><h3 id="m26">tests.Checks#setUp</h3><table class="result"><tr class="param"><th>Parameter #1</th><th>Parameter #2</th><th>Parameter #3</th><th>Parameter #4</th></tr><tr class="param stripe"><td>android</td><td>default</td><td>ANDROID</td><td>Google Nexus</td></tr><tr><th colspan="4">Exception</th></tr><tr><td colspan="4"><div class="stacktrace">org.openqa.selenium.WebDriverException: Automate testing time expired. (WARNING: The server did not provide any stacktrace information)
Command duration or timeout: 1.15 seconds
Build info: version: &apos;2.45.0&apos;, revision: &apos;5017cb8e7ca8e37638dc3091b2440b90a1d8686f&apos;, time: &apos;2015-02-27 09:10:26&apos;
System info: host: &apos;Julieta-PC&apos;, ip: &apos;10.30.10.117&apos;, os.name: &apos;Windows 8.1&apos;, os.arch: &apos;amd64&apos;, os.version: &apos;6.3&apos;, java.version: &apos;1.7.0_71&apos;
Driver info: org.openqa.selenium.remote.RemoteWebDriver
	at org.openqa.selenium.remote.ErrorHandler.createThrowable(ErrorHandler.java:204)
	at org.openqa.selenium.remote.ErrorHandler.throwIfResponseFailed(ErrorHandler.java:156)
	at org.openqa.selenium.remote.RemoteWebDriver.execute(RemoteWebDriver.java:599)
	at org.openqa.selenium.remote.RemoteWebDriver.startSession(RemoteWebDriver.java:240)
	at org.openqa.selenium.remote.RemoteWebDriver.&lt;init&gt;(RemoteWebDriver.java:126)
	at org.openqa.selenium.remote.RemoteWebDriver.&lt;init&gt;(RemoteWebDriver.java:153)
	at tests.Checks.setUp(Checks.java:36)
... Removed 28 stack frames</div></td></tr></table><p class="totop"><a href="#summary">back to summary</a></p><h3 id="m27">tests.Checks#main</h3><table class="result"></table><p class="totop"><a href="#summary">back to summary</a></p><h2>iOS 8 Test</h2><h3 id="m28">tests.Checks#setUp</h3><table class="result"><tr class="param"><th>Parameter #1</th><th>Parameter #2</th><th>Parameter #3</th><th>Parameter #4</th></tr><tr class="param stripe"><td>iPhone</td><td>default</td><td>MAC</td><td>iPhone 6</td></tr><tr><th colspan="4">Exception</th></tr><tr><td colspan="4"><div class="stacktrace">org.openqa.selenium.WebDriverException: Automate testing time expired. (WARNING: The server did not provide any stacktrace information)
Command duration or timeout: 1.26 seconds
Build info: version: &apos;2.45.0&apos;, revision: &apos;5017cb8e7ca8e37638dc3091b2440b90a1d8686f&apos;, time: &apos;2015-02-27 09:10:26&apos;
System info: host: &apos;Julieta-PC&apos;, ip: &apos;10.30.10.117&apos;, os.name: &apos;Windows 8.1&apos;, os.arch: &apos;amd64&apos;, os.version: &apos;6.3&apos;, java.version: &apos;1.7.0_71&apos;
Driver info: org.openqa.selenium.remote.RemoteWebDriver
	at org.openqa.selenium.remote.ErrorHandler.createThrowable(ErrorHandler.java:204)
	at org.openqa.selenium.remote.ErrorHandler.throwIfResponseFailed(ErrorHandler.java:156)
	at org.openqa.selenium.remote.RemoteWebDriver.execute(RemoteWebDriver.java:599)
	at org.openqa.selenium.remote.RemoteWebDriver.startSession(RemoteWebDriver.java:240)
	at org.openqa.selenium.remote.RemoteWebDriver.&lt;init&gt;(RemoteWebDriver.java:126)
	at org.openqa.selenium.remote.RemoteWebDriver.&lt;init&gt;(RemoteWebDriver.java:153)
	at tests.Checks.setUp(Checks.java:36)
... Removed 28 stack frames</div></td></tr></table><p class="totop"><a href="#summary">back to summary</a></p><h3 id="m29">tests.Checks#main</h3><table class="result"></table><p class="totop"><a href="#summary">back to summary</a></p><h2>iOS 9 Test</h2><h3 id="m30">tests.Checks#setUp</h3><table class="result"><tr class="param"><th>Parameter #1</th><th>Parameter #2</th><th>Parameter #3</th><th>Parameter #4</th></tr><tr class="param stripe"><td>iPhone</td><td>default</td><td>MAC</td><td>iPhone 6S</td></tr><tr><th colspan="4">Exception</th></tr><tr><td colspan="4"><div class="stacktrace">org.openqa.selenium.WebDriverException: Automate testing time expired. (WARNING: The server did not provide any stacktrace information)
Command duration or timeout: 1.32 seconds
Build info: version: &apos;2.45.0&apos;, revision: &apos;5017cb8e7ca8e37638dc3091b2440b90a1d8686f&apos;, time: &apos;2015-02-27 09:10:26&apos;
System info: host: &apos;Julieta-PC&apos;, ip: &apos;10.30.10.117&apos;, os.name: &apos;Windows 8.1&apos;, os.arch: &apos;amd64&apos;, os.version: &apos;6.3&apos;, java.version: &apos;1.7.0_71&apos;
Driver info: org.openqa.selenium.remote.RemoteWebDriver
	at org.openqa.selenium.remote.ErrorHandler.createThrowable(ErrorHandler.java:204)
	at org.openqa.selenium.remote.ErrorHandler.throwIfResponseFailed(ErrorHandler.java:156)
	at org.openqa.selenium.remote.RemoteWebDriver.execute(RemoteWebDriver.java:599)
	at org.openqa.selenium.remote.RemoteWebDriver.startSession(RemoteWebDriver.java:240)
	at org.openqa.selenium.remote.RemoteWebDriver.&lt;init&gt;(RemoteWebDriver.java:126)
	at org.openqa.selenium.remote.RemoteWebDriver.&lt;init&gt;(RemoteWebDriver.java:153)
	at tests.Checks.setUp(Checks.java:36)
... Removed 28 stack frames</div></td></tr></table><p class="totop"><a href="#summary">back to summary</a></p><h3 id="m31">tests.Checks#main</h3><table class="result"></table><p class="totop"><a href="#summary">back to summary</a></p><h2>iOS 7.0 Test</h2><h3 id="m32">tests.Checks#setUp</h3><table class="result"><tr class="param"><th>Parameter #1</th><th>Parameter #2</th><th>Parameter #3</th><th>Parameter #4</th></tr><tr class="param stripe"><td>iPhone</td><td>default</td><td>MAC</td><td>iPhone 5S</td></tr><tr><th colspan="4">Exception</th></tr><tr><td colspan="4"><div class="stacktrace">org.openqa.selenium.WebDriverException: Automate testing time expired. (WARNING: The server did not provide any stacktrace information)
Command duration or timeout: 1.28 seconds
Build info: version: &apos;2.45.0&apos;, revision: &apos;5017cb8e7ca8e37638dc3091b2440b90a1d8686f&apos;, time: &apos;2015-02-27 09:10:26&apos;
System info: host: &apos;Julieta-PC&apos;, ip: &apos;10.30.10.117&apos;, os.name: &apos;Windows 8.1&apos;, os.arch: &apos;amd64&apos;, os.version: &apos;6.3&apos;, java.version: &apos;1.7.0_71&apos;
Driver info: org.openqa.selenium.remote.RemoteWebDriver
	at org.openqa.selenium.remote.ErrorHandler.createThrowable(ErrorHandler.java:204)
	at org.openqa.selenium.remote.ErrorHandler.throwIfResponseFailed(ErrorHandler.java:156)
	at org.openqa.selenium.remote.RemoteWebDriver.execute(RemoteWebDriver.java:599)
	at org.openqa.selenium.remote.RemoteWebDriver.startSession(RemoteWebDriver.java:240)
	at org.openqa.selenium.remote.RemoteWebDriver.&lt;init&gt;(RemoteWebDriver.java:126)
	at org.openqa.selenium.remote.RemoteWebDriver.&lt;init&gt;(RemoteWebDriver.java:153)
	at tests.Checks.setUp(Checks.java:36)
... Removed 26 stack frames</div></td></tr></table><p class="totop"><a href="#summary">back to summary</a></p><h3 id="m33">tests.Checks#main</h3><table class="result"></table><p class="totop"><a href="#summary">back to summary</a></p></body></html>